0 info it worked if it ends with ok
1 verbose cli [ 'C:\\Program Files\\nodejs\\node.exe',
1 verbose cli   'C:\\Program Files\\nodejs\\node_modules\\npm\\bin\\npm-cli.js',
1 verbose cli   'start' ]
2 info using npm@3.10.9
3 info using node@v6.9.2
4 verbose run-script [ 'prestart', 'start', 'poststart' ]
5 info lifecycle CoreUI-React@2.0.0-beta~prestart: CoreUI-React@2.0.0-beta
6 silly lifecycle CoreUI-React@2.0.0-beta~prestart: no script for prestart, continuing
7 info lifecycle CoreUI-React@2.0.0-beta~start: CoreUI-React@2.0.0-beta
8 verbose lifecycle CoreUI-React@2.0.0-beta~start: unsafe-perm in lifecycle true
9 verbose lifecycle CoreUI-React@2.0.0-beta~start: PATH: C:\Program Files\nodejs\node_modules\npm\bin\node-gyp-bin;C:\Users\Prava Chaitanya\Desktop\my-project\my-project\node_modules\.bin;C:\Program Files (x86)\Intel\Intel(R) Management Engine Components\iCLS\;C:\Program Files\Intel\Intel(R) Management Engine Components\iCLS\;C:\ProgramData\Oracle\Java\javapath;C:\Python27\;C:\Python27\Scripts;C:\Windows\system32;C:\Windows;C:\Windows\System32\Wbem;C:\Windows\System32\WindowsPowerShell\v1.0\;C:\Program Files (x86)\NVIDIA Corporation\PhysX\Common;C:\WINDOWS\system32;C:\WINDOWS;C:\WINDOWS\System32\Wbem;C:\WINDOWS\System32\WindowsPowerShell\v1.0\;C:\Users\Prava Chaitanya\Desktop;C:\Program Files\nodejs\;C:\Program Files (x86)\PuTTY\;C:\Program Files\Intel\WiFi\bin\;C:\Program Files\Common Files\Intel\WirelessCommon\;C:\Users\Prava Chaitanya\AppData\Roaming\Cloud Foundry;C:\Program Files (x86)\Skype\Phone\;C:\Program Files (x86)\Bitvise SSH Client;C:\Program Files\Java\jdk1.8.0_101\bin;C:\Program Files\Liquid Technologies\Liquid Studio 2017\XmlDataBinder15\Redist15\cpp\win32\bin;C:\Program Files\Liquid Technologies\Liquid Studio 2017\XmlDataBinder15\Redist15\cpp\win64\bin;C:\Program Files\dotnet\;C:\Program Files\Microsoft SQL Server\130\Tools\Binn\;C:\Program Files\MySQL\MySQL Utilities 1.6\;C:\Program Files (x86)\Brackets\command;C:\Program Files\maven\bin;C:\Program Files\gradle-4.5.1\bin;C:\Program Files\Sublime Text 3;C:\Program Files\Git\cmd;C:\Program Files\Java\jdk1.8.0_161\bin;C:\Program Files (x86)\Intel\Intel(R) Management Engine Components\DAL;C:\Program Files\Intel\Intel(R) Management Engine Components\DAL;C:\Program Files (x86)\Intel\Intel(R) Management Engine Components\IPT;C:\Program Files\Intel\Intel(R) Management Engine Components\IPT;C:\RailsInstaller\Git\cmd;C:\RailsInstaller\Ruby2.3.3\bin;C:\Users\Prava Chaitanya\Anaconda2;C:\Users\Prava Chaitanya\Anaconda2\Scripts;C:\Users\Prava Chaitanya\Anaconda2\Library\bin;C:\Users\Prava Chaitanya\AppData\Local\Microsoft\WindowsApps;C:\Users\Prava Chaitanya\AppData\Roaming\npm;C:\Users\Prava Chaitanya\AppData\Local\Microsoft\WindowsApps;C:\phantomjs-2.1.1-windows\bin;C:\Program Files\Microsoft VS Code\bin;C:\Program Files\maven\bin;
10 verbose lifecycle CoreUI-React@2.0.0-beta~start: CWD: C:\Users\Prava Chaitanya\Desktop\my-project\my-project
11 silly lifecycle CoreUI-React@2.0.0-beta~start: Args: [ '/d /s /c', 'npm-run-all -p watch-css start-js' ]
12 silly lifecycle CoreUI-React@2.0.0-beta~start: Returned: code: 1  signal: null
13 info lifecycle CoreUI-React@2.0.0-beta~start: Failed to exec start script
14 verbose stack Error: CoreUI-React@2.0.0-beta start: `npm-run-all -p watch-css start-js`
14 verbose stack Exit status 1
14 verbose stack     at EventEmitter.<anonymous> (C:\Program Files\nodejs\node_modules\npm\lib\utils\lifecycle.js:255:16)
14 verbose stack     at emitTwo (events.js:106:13)
14 verbose stack     at EventEmitter.emit (events.js:191:7)
14 verbose stack     at ChildProcess.<anonymous> (C:\Program Files\nodejs\node_modules\npm\lib\utils\spawn.js:40:14)
14 verbose stack     at emitTwo (events.js:106:13)
14 verbose stack     at ChildProcess.emit (events.js:191:7)
14 verbose stack     at maybeClose (internal/child_process.js:877:16)
14 verbose stack     at Process.ChildProcess._handle.onexit (internal/child_process.js:226:5)
15 verbose pkgid CoreUI-React@2.0.0-beta
16 verbose cwd C:\Users\Prava Chaitanya\Desktop\my-project\my-project
17 error Windows_NT 10.0.16299
18 error argv "C:\\Program Files\\nodejs\\node.exe" "C:\\Program Files\\nodejs\\node_modules\\npm\\bin\\npm-cli.js" "start"
19 error node v6.9.2
20 error npm  v3.10.9
21 error code ELIFECYCLE
22 error CoreUI-React@2.0.0-beta start: `npm-run-all -p watch-css start-js`
22 error Exit status 1
23 error Failed at the CoreUI-React@2.0.0-beta start script 'npm-run-all -p watch-css start-js'.
23 error Make sure you have the latest version of node.js and npm installed.
23 error If you do, this is most likely a problem with the CoreUI-React package,
23 error not with npm itself.
23 error Tell the author that this fails on your system:
23 error     npm-run-all -p watch-css start-js
23 error You can get information on how to open an issue for this project with:
23 error     npm bugs CoreUI-React
23 error Or if that isn't available, you can get their info via:
23 error     npm owner ls CoreUI-React
23 error There is likely additional logging output above.
24 verbose exit [ 1, true ]
